{"/home/andrey/Documentos/Kake/Projetos/sd-02-project-webchat/backend/controllers/chats.js": {"path":"/home/andrey/Documentos/Kake/Projetos/sd-02-project-webchat/backend/controllers/chats.js","statementMap":{"0":{"start":{"line":1,"column":13},"end":{"line":1,"column":38}},"1":{"start":{"line":3,"column":16},"end":{"line":6,"column":1}},"2":{"start":{"line":4,"column":16},"end":{"line":4,"column":35}},"3":{"start":{"line":5,"column":2},"end":{"line":5,"column":37}},"4":{"start":{"line":8,"column":12},"end":{"line":15,"column":1}},"5":{"start":{"line":9,"column":32},"end":{"line":9,"column":40}},"6":{"start":{"line":10,"column":15},"end":{"line":10,"column":25}},"7":{"start":{"line":12,"column":19},"end":{"line":12,"column":62}},"8":{"start":{"line":14,"column":2},"end":{"line":14,"column":40}},"9":{"start":{"line":17,"column":0},"end":{"line":20,"column":2}}},"fnMap":{"0":{"name":"(anonymous_0)","decl":{"start":{"line":3,"column":16},"end":{"line":3,"column":17}},"loc":{"start":{"line":3,"column":37},"end":{"line":6,"column":1}},"line":3},"1":{"name":"(anonymous_1)","decl":{"start":{"line":8,"column":12},"end":{"line":8,"column":13}},"loc":{"start":{"line":8,"column":32},"end":{"line":15,"column":1}},"line":8}},"branchMap":{},"s":{"0":2,"1":2,"2":1,"3":1,"4":2,"5":1,"6":1,"7":1,"8":1,"9":2},"f":{"0":1,"1":1},"b":{},"_coverageSchema":"1a1c01bbd47fc00a2c39e90264f33305004495a9","hash":"92f1ede5a9c2afa86d0706e9288d69bb10f7b32b"}
,"/home/andrey/Documentos/Kake/Projetos/sd-02-project-webchat/backend/controllers/index.js": {"path":"/home/andrey/Documentos/Kake/Projetos/sd-02-project-webchat/backend/controllers/index.js","statementMap":{"0":{"start":{"line":1,"column":14},"end":{"line":1,"column":32}},"1":{"start":{"line":2,"column":14},"end":{"line":2,"column":32}},"2":{"start":{"line":4,"column":0},"end":{"line":7,"column":2}}},"fnMap":{},"branchMap":{},"s":{"0":2,"1":2,"2":2},"f":{},"b":{},"_coverageSchema":"1a1c01bbd47fc00a2c39e90264f33305004495a9","hash":"b3609190c0b13d5a4ab3766203c8ba8abc24d221"}
,"/home/andrey/Documentos/Kake/Projetos/sd-02-project-webchat/backend/controllers/users.js": {"path":"/home/andrey/Documentos/Kake/Projetos/sd-02-project-webchat/backend/controllers/users.js","statementMap":{"0":{"start":{"line":1,"column":13},"end":{"line":1,"column":38}},"1":{"start":{"line":3,"column":16},"end":{"line":6,"column":1}},"2":{"start":{"line":4,"column":16},"end":{"line":4,"column":35}},"3":{"start":{"line":5,"column":2},"end":{"line":5,"column":37}},"4":{"start":{"line":8,"column":12},"end":{"line":14,"column":1}},"5":{"start":{"line":9,"column":23},"end":{"line":9,"column":31}},"6":{"start":{"line":11,"column":19},"end":{"line":11,"column":43}},"7":{"start":{"line":13,"column":2},"end":{"line":13,"column":40}},"8":{"start":{"line":16,"column":0},"end":{"line":19,"column":2}}},"fnMap":{"0":{"name":"(anonymous_0)","decl":{"start":{"line":3,"column":16},"end":{"line":3,"column":17}},"loc":{"start":{"line":3,"column":37},"end":{"line":6,"column":1}},"line":3},"1":{"name":"(anonymous_1)","decl":{"start":{"line":8,"column":12},"end":{"line":8,"column":13}},"loc":{"start":{"line":8,"column":32},"end":{"line":14,"column":1}},"line":8}},"branchMap":{},"s":{"0":2,"1":2,"2":1,"3":1,"4":2,"5":1,"6":1,"7":1,"8":2},"f":{"0":1,"1":1},"b":{},"_coverageSchema":"1a1c01bbd47fc00a2c39e90264f33305004495a9","hash":"968c7ceb16ec7a44fe255e1985e9d0fd01c47110"}
,"/home/andrey/Documentos/Kake/Projetos/sd-02-project-webchat/backend/models/Chat.js": {"path":"/home/andrey/Documentos/Kake/Projetos/sd-02-project-webchat/backend/models/Chat.js","statementMap":{"0":{"start":{"line":1,"column":19},"end":{"line":1,"column":42}},"1":{"start":{"line":3,"column":0},"end":{"line":4,"column":69}},"2":{"start":{"line":4,"column":2},"end":{"line":4,"column":68}},"3":{"start":{"line":4,"column":28},"end":{"line":4,"column":67}},"4":{"start":{"line":6,"column":0},"end":{"line":9,"column":4}},"5":{"start":{"line":7,"column":2},"end":{"line":9,"column":3}},"6":{"start":{"line":8,"column":4},"end":{"line":8,"column":65}},"7":{"start":{"line":11,"column":0},"end":{"line":14,"column":2}}},"fnMap":{"0":{"name":"(anonymous_0)","decl":{"start":{"line":3,"column":9},"end":{"line":3,"column":10}},"loc":{"start":{"line":4,"column":2},"end":{"line":4,"column":68}},"line":4},"1":{"name":"(anonymous_1)","decl":{"start":{"line":4,"column":20},"end":{"line":4,"column":21}},"loc":{"start":{"line":4,"column":28},"end":{"line":4,"column":67}},"line":4},"2":{"name":"(anonymous_2)","decl":{"start":{"line":6,"column":6},"end":{"line":6,"column":7}},"loc":{"start":{"line":7,"column":2},"end":{"line":9,"column":3}},"line":7},"3":{"name":"(anonymous_3)","decl":{"start":{"line":7,"column":20},"end":{"line":7,"column":21}},"loc":{"start":{"line":8,"column":4},"end":{"line":8,"column":65}},"line":8}},"branchMap":{"0":{"loc":{"start":{"line":6,"column":15},"end":{"line":6,"column":28}},"type":"default-arg","locations":[{"start":{"line":6,"column":26},"end":{"line":6,"column":28}}],"line":6},"1":{"loc":{"start":{"line":6,"column":30},"end":{"line":6,"column":39}},"type":"default-arg","locations":[{"start":{"line":6,"column":37},"end":{"line":6,"column":39}}],"line":6},"2":{"loc":{"start":{"line":6,"column":41},"end":{"line":6,"column":53}},"type":"default-arg","locations":[{"start":{"line":6,"column":51},"end":{"line":6,"column":53}}],"line":6}},"s":{"0":2,"1":2,"2":0,"3":0,"4":2,"5":0,"6":0,"7":2},"f":{"0":0,"1":0,"2":0,"3":0},"b":{"0":[0],"1":[0],"2":[0]},"_coverageSchema":"1a1c01bbd47fc00a2c39e90264f33305004495a9","hash":"75059deef1273a8e5c013b5c4f5abcca3988372d"}
,"/home/andrey/Documentos/Kake/Projetos/sd-02-project-webchat/backend/models/User.js": {"path":"/home/andrey/Documentos/Kake/Projetos/sd-02-project-webchat/backend/models/User.js","statementMap":{"0":{"start":{"line":1,"column":19},"end":{"line":1,"column":42}},"1":{"start":{"line":3,"column":0},"end":{"line":5,"column":59}},"2":{"start":{"line":4,"column":2},"end":{"line":5,"column":58}},"3":{"start":{"line":5,"column":18},"end":{"line":5,"column":57}},"4":{"start":{"line":7,"column":0},"end":{"line":9,"column":58}},"5":{"start":{"line":8,"column":2},"end":{"line":9,"column":57}},"6":{"start":{"line":9,"column":18},"end":{"line":9,"column":56}},"7":{"start":{"line":11,"column":0},"end":{"line":14,"column":2}}},"fnMap":{"0":{"name":"(anonymous_0)","decl":{"start":{"line":3,"column":9},"end":{"line":3,"column":10}},"loc":{"start":{"line":4,"column":2},"end":{"line":5,"column":58}},"line":4},"1":{"name":"(anonymous_1)","decl":{"start":{"line":5,"column":10},"end":{"line":5,"column":11}},"loc":{"start":{"line":5,"column":18},"end":{"line":5,"column":57}},"line":5},"2":{"name":"(anonymous_2)","decl":{"start":{"line":7,"column":6},"end":{"line":7,"column":7}},"loc":{"start":{"line":8,"column":2},"end":{"line":9,"column":57}},"line":8},"3":{"name":"(anonymous_3)","decl":{"start":{"line":9,"column":10},"end":{"line":9,"column":11}},"loc":{"start":{"line":9,"column":18},"end":{"line":9,"column":56}},"line":9}},"branchMap":{},"s":{"0":3,"1":3,"2":0,"3":0,"4":3,"5":0,"6":0,"7":3},"f":{"0":0,"1":0,"2":0,"3":0},"b":{},"_coverageSchema":"1a1c01bbd47fc00a2c39e90264f33305004495a9","hash":"a6e22771e98b3242200bbb5692149b6cdbfec4d6"}
,"/home/andrey/Documentos/Kake/Projetos/sd-02-project-webchat/backend/models/connection.js": {"path":"/home/andrey/Documentos/Kake/Projetos/sd-02-project-webchat/backend/models/connection.js","statementMap":{"0":{"start":{"line":1,"column":24},"end":{"line":1,"column":42}},"1":{"start":{"line":3,"column":20},"end":{"line":3,"column":43}},"2":{"start":{"line":4,"column":16},"end":{"line":4,"column":35}},"3":{"start":{"line":6,"column":19},"end":{"line":15,"column":6}},"4":{"start":{"line":7,"column":2},"end":{"line":15,"column":6}},"5":{"start":{"line":11,"column":20},"end":{"line":11,"column":36}},"6":{"start":{"line":13,"column":6},"end":{"line":13,"column":25}},"7":{"start":{"line":14,"column":6},"end":{"line":14,"column":22}},"8":{"start":{"line":17,"column":0},"end":{"line":17,"column":28}}},"fnMap":{"0":{"name":"(anonymous_0)","decl":{"start":{"line":6,"column":19},"end":{"line":6,"column":20}},"loc":{"start":{"line":7,"column":2},"end":{"line":15,"column":6}},"line":7},"1":{"name":"(anonymous_1)","decl":{"start":{"line":11,"column":10},"end":{"line":11,"column":11}},"loc":{"start":{"line":11,"column":20},"end":{"line":11,"column":36}},"line":11},"2":{"name":"(anonymous_2)","decl":{"start":{"line":12,"column":11},"end":{"line":12,"column":12}},"loc":{"start":{"line":12,"column":20},"end":{"line":15,"column":5}},"line":12}},"branchMap":{},"s":{"0":3,"1":3,"2":3,"3":3,"4":0,"5":0,"6":0,"7":0,"8":3},"f":{"0":0,"1":0,"2":0},"b":{},"_coverageSchema":"1a1c01bbd47fc00a2c39e90264f33305004495a9","hash":"7e6dd35d43bfd07e34c76d987d4a2594541ac930"}
}
