{"/home/julio/sd-02-project-webchat/back-end/controllers/userControllers.js": {"path":"/home/julio/sd-02-project-webchat/back-end/controllers/userControllers.js","statementMap":{"0":{"start":{"line":1,"column":18},"end":{"line":1,"column":49}},"1":{"start":{"line":3,"column":21},"end":{"line":8,"column":1}},"2":{"start":{"line":4,"column":23},"end":{"line":4,"column":31}},"3":{"start":{"line":5,"column":18},"end":{"line":5,"column":56}},"4":{"start":{"line":6,"column":2},"end":{"line":6,"column":44}},"5":{"start":{"line":6,"column":15},"end":{"line":6,"column":44}},"6":{"start":{"line":7,"column":2},"end":{"line":7,"column":31}},"7":{"start":{"line":10,"column":23},"end":{"line":15,"column":1}},"8":{"start":{"line":11,"column":32},"end":{"line":11,"column":40}},"9":{"start":{"line":12,"column":22},"end":{"line":12,"column":72}},"10":{"start":{"line":13,"column":2},"end":{"line":13,"column":48}},"11":{"start":{"line":13,"column":19},"end":{"line":13,"column":48}},"12":{"start":{"line":14,"column":2},"end":{"line":14,"column":31}},"13":{"start":{"line":17,"column":20},"end":{"line":21,"column":1}},"14":{"start":{"line":18,"column":22},"end":{"line":18,"column":54}},"15":{"start":{"line":19,"column":2},"end":{"line":19,"column":64}},"16":{"start":{"line":19,"column":19},"end":{"line":19,"column":64}},"17":{"start":{"line":20,"column":2},"end":{"line":20,"column":31}},"18":{"start":{"line":23,"column":0},"end":{"line":27,"column":2}}},"fnMap":{"0":{"name":"(anonymous_0)","decl":{"start":{"line":3,"column":21},"end":{"line":3,"column":22}},"loc":{"start":{"line":3,"column":41},"end":{"line":8,"column":1}},"line":3},"1":{"name":"(anonymous_1)","decl":{"start":{"line":10,"column":23},"end":{"line":10,"column":24}},"loc":{"start":{"line":10,"column":43},"end":{"line":15,"column":1}},"line":10},"2":{"name":"(anonymous_2)","decl":{"start":{"line":17,"column":20},"end":{"line":17,"column":21}},"loc":{"start":{"line":17,"column":41},"end":{"line":21,"column":1}},"line":17}},"branchMap":{"0":{"loc":{"start":{"line":6,"column":2},"end":{"line":6,"column":44}},"type":"if","locations":[{"start":{"line":6,"column":2},"end":{"line":6,"column":44}},{"start":{"line":6,"column":2},"end":{"line":6,"column":44}}],"line":6},"1":{"loc":{"start":{"line":13,"column":2},"end":{"line":13,"column":48}},"type":"if","locations":[{"start":{"line":13,"column":2},"end":{"line":13,"column":48}},{"start":{"line":13,"column":2},"end":{"line":13,"column":48}}],"line":13},"2":{"loc":{"start":{"line":19,"column":2},"end":{"line":19,"column":64}},"type":"if","locations":[{"start":{"line":19,"column":2},"end":{"line":19,"column":64}},{"start":{"line":19,"column":2},"end":{"line":19,"column":64}}],"line":19}},"s":{"0":1,"1":1,"2":3,"3":3,"4":3,"5":1,"6":2,"7":1,"8":2,"9":2,"10":2,"11":1,"12":1,"13":1,"14":2,"15":2,"16":1,"17":1,"18":1},"f":{"0":3,"1":2,"2":2},"b":{"0":[1,2],"1":[1,1],"2":[1,1]},"_coverageSchema":"1a1c01bbd47fc00a2c39e90264f33305004495a9","hash":"1783bee5f285980bfdaab7591347ae2ca48dde2c"}
,"/home/julio/sd-02-project-webchat/back-end/models/ChatModels.js": {"path":"/home/julio/sd-02-project-webchat/back-end/models/ChatModels.js","statementMap":{"0":{"start":{"line":1,"column":19},"end":{"line":1,"column":43}},"1":{"start":{"line":3,"column":21},"end":{"line":13,"column":1}},"2":{"start":{"line":4,"column":2},"end":{"line":12,"column":3}},"3":{"start":{"line":5,"column":15},"end":{"line":5,"column":33}},"4":{"start":{"line":6,"column":22},"end":{"line":6,"column":70}},"5":{"start":{"line":7,"column":4},"end":{"line":7,"column":32}},"6":{"start":{"line":7,"column":19},"end":{"line":7,"column":32}},"7":{"start":{"line":8,"column":4},"end":{"line":8,"column":55}},"8":{"start":{"line":9,"column":4},"end":{"line":9,"column":16}},"9":{"start":{"line":11,"column":4},"end":{"line":11,"column":17}},"10":{"start":{"line":15,"column":27},"end":{"line":25,"column":1}},"11":{"start":{"line":16,"column":2},"end":{"line":24,"column":3}},"12":{"start":{"line":17,"column":15},"end":{"line":17,"column":33}},"13":{"start":{"line":18,"column":4},"end":{"line":20,"column":71}},"14":{"start":{"line":21,"column":4},"end":{"line":21,"column":16}},"15":{"start":{"line":23,"column":4},"end":{"line":23,"column":17}},"16":{"start":{"line":27,"column":26},"end":{"line":47,"column":1}},"17":{"start":{"line":28,"column":2},"end":{"line":46,"column":3}},"18":{"start":{"line":29,"column":15},"end":{"line":29,"column":33}},"19":{"start":{"line":30,"column":27},"end":{"line":42,"column":16}},"20":{"start":{"line":43,"column":4},"end":{"line":43,"column":26}},"21":{"start":{"line":45,"column":4},"end":{"line":45,"column":17}},"22":{"start":{"line":49,"column":24},"end":{"line":59,"column":1}},"23":{"start":{"line":50,"column":2},"end":{"line":58,"column":3}},"24":{"start":{"line":51,"column":15},"end":{"line":51,"column":33}},"25":{"start":{"line":52,"column":4},"end":{"line":54,"column":61}},"26":{"start":{"line":55,"column":4},"end":{"line":55,"column":16}},"27":{"start":{"line":57,"column":4},"end":{"line":57,"column":17}},"28":{"start":{"line":61,"column":23},"end":{"line":69,"column":1}},"29":{"start":{"line":62,"column":2},"end":{"line":68,"column":3}},"30":{"start":{"line":63,"column":15},"end":{"line":63,"column":33}},"31":{"start":{"line":64,"column":24},"end":{"line":64,"column":72}},"32":{"start":{"line":65,"column":4},"end":{"line":65,"column":23}},"33":{"start":{"line":67,"column":4},"end":{"line":67,"column":17}},"34":{"start":{"line":71,"column":0},"end":{"line":77,"column":2}}},"fnMap":{"0":{"name":"(anonymous_0)","decl":{"start":{"line":3,"column":21},"end":{"line":3,"column":22}},"loc":{"start":{"line":3,"column":39},"end":{"line":13,"column":1}},"line":3},"1":{"name":"(anonymous_1)","decl":{"start":{"line":15,"column":27},"end":{"line":15,"column":28}},"loc":{"start":{"line":15,"column":64},"end":{"line":25,"column":1}},"line":15},"2":{"name":"(anonymous_2)","decl":{"start":{"line":27,"column":26},"end":{"line":27,"column":27}},"loc":{"start":{"line":27,"column":54},"end":{"line":47,"column":1}},"line":27},"3":{"name":"(anonymous_3)","decl":{"start":{"line":49,"column":24},"end":{"line":49,"column":25}},"loc":{"start":{"line":49,"column":51},"end":{"line":59,"column":1}},"line":49},"4":{"name":"(anonymous_4)","decl":{"start":{"line":61,"column":23},"end":{"line":61,"column":24}},"loc":{"start":{"line":61,"column":35},"end":{"line":69,"column":1}},"line":61}},"branchMap":{"0":{"loc":{"start":{"line":7,"column":4},"end":{"line":7,"column":32}},"type":"if","locations":[{"start":{"line":7,"column":4},"end":{"line":7,"column":32}},{"start":{"line":7,"column":4},"end":{"line":7,"column":32}}],"line":7}},"s":{"0":2,"1":2,"2":3,"3":3,"4":2,"5":2,"6":1,"7":1,"8":1,"9":1,"10":2,"11":2,"12":2,"13":1,"14":1,"15":1,"16":2,"17":2,"18":2,"19":1,"20":1,"21":1,"22":2,"23":2,"24":2,"25":1,"26":1,"27":1,"28":2,"29":2,"30":2,"31":1,"32":1,"33":1,"34":2},"f":{"0":3,"1":2,"2":2,"3":2,"4":2},"b":{"0":[1,1]},"_coverageSchema":"1a1c01bbd47fc00a2c39e90264f33305004495a9","hash":"92a948039a0dbbe85b581c57b87f1181d6678f2f"}
,"/home/julio/sd-02-project-webchat/back-end/models/connections.js": {"path":"/home/julio/sd-02-project-webchat/back-end/models/connections.js","statementMap":{"0":{"start":{"line":1,"column":20},"end":{"line":1,"column":50}},"1":{"start":{"line":3,"column":21},"end":{"line":3,"column":48}},"2":{"start":{"line":5,"column":19},"end":{"line":12,"column":1}},"3":{"start":{"line":6,"column":2},"end":{"line":11,"column":43}},"4":{"start":{"line":11,"column":20},"end":{"line":11,"column":42}},"5":{"start":{"line":14,"column":0},"end":{"line":14,"column":28}}},"fnMap":{"0":{"name":"(anonymous_0)","decl":{"start":{"line":5,"column":19},"end":{"line":5,"column":20}},"loc":{"start":{"line":6,"column":2},"end":{"line":11,"column":43}},"line":6},"1":{"name":"(anonymous_1)","decl":{"start":{"line":11,"column":10},"end":{"line":11,"column":11}},"loc":{"start":{"line":11,"column":20},"end":{"line":11,"column":42}},"line":11}},"branchMap":{},"s":{"0":2,"1":2,"2":2,"3":11,"4":6,"5":2},"f":{"0":11,"1":6},"b":{},"_coverageSchema":"1a1c01bbd47fc00a2c39e90264f33305004495a9","hash":"41496bb33d01e30ac2cbeea2e87ef741131c9a41"}
}
