TN:
SF:controllers/userControllers.js
FN:3,(anonymous_0)
FN:10,(anonymous_1)
FN:17,(anonymous_2)
FNF:3
FNH:3
FNDA:3,(anonymous_0)
FNDA:2,(anonymous_1)
FNDA:2,(anonymous_2)
DA:1,1
DA:3,1
DA:4,3
DA:5,3
DA:6,3
DA:7,2
DA:10,1
DA:11,2
DA:12,2
DA:13,2
DA:14,1
DA:17,1
DA:18,2
DA:19,2
DA:20,1
DA:23,1
LF:16
LH:16
BRDA:6,0,0,1
BRDA:6,0,1,2
BRDA:13,1,0,1
BRDA:13,1,1,1
BRDA:19,2,0,1
BRDA:19,2,1,1
BRF:6
BRH:6
end_of_record
TN:
SF:models/ChatModels.js
FN:3,(anonymous_0)
FN:15,(anonymous_1)
FN:27,(anonymous_2)
FN:49,(anonymous_3)
FN:61,(anonymous_4)
FNF:5
FNH:5
FNDA:3,(anonymous_0)
FNDA:2,(anonymous_1)
FNDA:2,(anonymous_2)
FNDA:2,(anonymous_3)
FNDA:2,(anonymous_4)
DA:1,2
DA:3,2
DA:4,3
DA:5,3
DA:6,2
DA:7,2
DA:8,1
DA:9,1
DA:11,1
DA:15,2
DA:16,2
DA:17,2
DA:18,1
DA:21,1
DA:23,1
DA:27,2
DA:28,2
DA:29,2
DA:30,1
DA:43,1
DA:45,1
DA:49,2
DA:50,2
DA:51,2
DA:52,1
DA:55,1
DA:57,1
DA:61,2
DA:62,2
DA:63,2
DA:64,1
DA:65,1
DA:67,1
DA:71,2
LF:34
LH:34
BRDA:7,0,0,1
BRDA:7,0,1,1
BRF:2
BRH:2
end_of_record
TN:
SF:models/connections.js
FN:5,(anonymous_0)
FN:11,(anonymous_1)
FNF:2
FNH:2
FNDA:11,(anonymous_0)
FNDA:6,(anonymous_1)
DA:1,2
DA:3,2
DA:5,2
DA:6,11
DA:11,6
DA:14,2
LF:6
LH:6
BRF:0
BRH:0
end_of_record
